<?xml version="1.0" encoding="UTF-8"?>
<testsuite xmlns:xsi="http://www.w3.org/2001/XMLSchema-instance" xsi:noNamespaceSchemaLocation="https://maven.apache.org/surefire/maven-surefire-plugin/xsd/surefire-test-report.xsd" name="com.nps.devassessment.controller.ControllerTests" time="0.076" tests="6" errors="6" skipped="0" failures="0">
  <properties>
[...]
</properties>
  <testcase name="test4_shouldTestEndpointToUpdateExistingWorkflow" classname="com.nps.devassessment.controller.ControllerTests" time="0.012">
    <error message="Not yet implemented!" type="org.hibernate.cfg.NotYetImplementedException">org.hibernate.cfg.NotYetImplementedException: Not yet implemented!
	at com.nps.devassessment.controller.ControllerTests.test4_shouldTestEndpointToUpdateExistingWorkflow(ControllerTests.java:92)
</error>
    <system-out><![CDATA[2021-09-19 15:32:53.648  INFO 9196 --- [           main] .b.t.c.SpringBootTestContextBootstrapper : Neither @ContextConfiguration nor @ContextHierarchy found for test class [com.nps.devassessment.controller.ControllerTests], using SpringBootContextLoader
2021-09-19 15:32:53.648  INFO 9196 --- [           main] o.s.t.c.support.AbstractContextLoader    : Could not detect default resource locations for test class [com.nps.devassessment.controller.ControllerTests]: no resource found for suffixes {-context.xml, Context.groovy}.
2021-09-19 15:32:53.648  INFO 9196 --- [           main] t.c.s.AnnotationConfigContextLoaderUtils : Could not detect default configuration classes for test class [com.nps.devassessment.controller.ControllerTests]: ControllerTests does not declare any static, non-private, non-final, nested classes annotated with @Configuration.
2021-09-19 15:32:53.652  INFO 9196 --- [           main] .b.t.c.SpringBootTestContextBootstrapper : Found @SpringBootConfiguration com.nps.devassessment.DevAssessmentApplication for test class com.nps.devassessment.controller.ControllerTests
2021-09-19 15:32:53.652  INFO 9196 --- [           main] .b.t.c.SpringBootTestContextBootstrapper : Loaded default TestExecutionListener class names from location [META-INF/spring.factories]: [org.springframework.boot.test.mock.mockito.MockitoTestExecutionListener, org.springframework.boot.test.mock.mockito.ResetMocksTestExecutionListener, org.springframework.boot.test.autoconfigure.restdocs.RestDocsTestExecutionListener, org.springframework.boot.test.autoconfigure.web.client.MockRestServiceServerResetTestExecutionListener, org.springframework.boot.test.autoconfigure.web.servlet.MockMvcPrintOnlyOnFailureTestExecutionListener, org.springframework.boot.test.autoconfigure.web.servlet.WebDriverTestExecutionListener, org.springframework.test.context.web.ServletTestExecutionListener, org.springframework.test.context.support.DirtiesContextBeforeModesTestExecutionListener, org.springframework.test.context.support.DependencyInjectionTestExecutionListener, org.springframework.test.context.support.DirtiesContextTestExecutionListener, org.springframework.test.context.transaction.TransactionalTestExecutionListener, org.springframework.test.context.jdbc.SqlScriptsTestExecutionListener]
2021-09-19 15:32:53.653  INFO 9196 --- [           main] .b.t.c.SpringBootTestContextBootstrapper : Using TestExecutionListeners: [org.springframework.test.context.web.ServletTestExecutionListener@6c238208, org.springframework.test.context.support.DirtiesContextBeforeModesTestExecutionListener@680882bd, org.springframework.boot.test.mock.mockito.MockitoTestExecutionListener@4e02800b, org.springframework.boot.test.autoconfigure.SpringBootDependencyInjectionTestExecutionListener@71ca6a60, org.springframework.test.context.support.DirtiesContextTestExecutionListener@1898593, org.springframework.test.context.transaction.TransactionalTestExecutionListener@2d38e275, org.springframework.test.context.jdbc.SqlScriptsTestExecutionListener@77e03d01, org.springframework.boot.test.mock.mockito.ResetMocksTestExecutionListener@55dbd0f7, org.springframework.boot.test.autoconfigure.restdocs.RestDocsTestExecutionListener@18b362c2, org.springframework.boot.test.autoconfigure.web.client.MockRestServiceServerResetTestExecutionListener@727210eb, org.springframework.boot.test.autoconfigure.web.servlet.MockMvcPrintOnlyOnFailureTestExecutionListener@48c2391, org.springframework.boot.test.autoconfigure.web.servlet.WebDriverTestExecutionListener@f5b079f]
2021-09-19 15:32:53.682  INFO 9196 --- [           main] o.s.mock.web.MockServletContext          : Initializing Spring TestDispatcherServlet ''
2021-09-19 15:32:53.683  INFO 9196 --- [           main] o.s.t.web.servlet.TestDispatcherServlet  : Initializing Servlet ''
2021-09-19 15:32:53.683  INFO 9196 --- [           main] o.s.t.web.servlet.TestDispatcherServlet  : Completed initialization in 0 ms
]]></system-out>
  </testcase>
  <testcase name="test5_shouldTestPlacementFacade" classname="com.nps.devassessment.controller.ControllerTests" time="0.011">
    <error message="Not yet implemented!" type="org.hibernate.cfg.NotYetImplementedException">org.hibernate.cfg.NotYetImplementedException: Not yet implemented!
	at com.nps.devassessment.controller.ControllerTests.test5_shouldTestPlacementFacade(ControllerTests.java:113)
</error>
    <system-out><![CDATA[2021-09-19 15:32:53.697  INFO 9196 --- [           main] o.s.mock.web.MockServletContext          : Initializing Spring TestDispatcherServlet ''
2021-09-19 15:32:53.697  INFO 9196 --- [           main] o.s.t.web.servlet.TestDispatcherServlet  : Initializing Servlet ''
2021-09-19 15:32:53.697  INFO 9196 --- [           main] o.s.t.web.servlet.TestDispatcherServlet  : Completed initialization in 0 ms
]]></system-out>
  </testcase>
  <testcase name="test3_shouldTestEndpointToCreateANewWorkflow" classname="com.nps.devassessment.controller.ControllerTests" time="0.011">
    <error message="Not yet implemented!" type="org.hibernate.cfg.NotYetImplementedException">org.hibernate.cfg.NotYetImplementedException: Not yet implemented!
	at com.nps.devassessment.controller.ControllerTests.test3_shouldTestEndpointToCreateANewWorkflow(ControllerTests.java:75)
</error>
    <system-out><![CDATA[2021-09-19 15:32:53.709  INFO 9196 --- [           main] o.s.mock.web.MockServletContext          : Initializing Spring TestDispatcherServlet ''
2021-09-19 15:32:53.709  INFO 9196 --- [           main] o.s.t.web.servlet.TestDispatcherServlet  : Initializing Servlet ''
2021-09-19 15:32:53.709  INFO 9196 --- [           main] o.s.t.web.servlet.TestDispatcherServlet  : Completed initialization in 0 ms
]]></system-out>
  </testcase>
  <testcase name="test6_shouldDemonstrateRollbackOfModificationsDueToError" classname="com.nps.devassessment.controller.ControllerTests" time="0.011">
    <error message="Not yet implemented!" type="org.hibernate.cfg.NotYetImplementedException">org.hibernate.cfg.NotYetImplementedException: Not yet implemented!
	at com.nps.devassessment.controller.ControllerTests.test6_shouldDemonstrateRollbackOfModificationsDueToError(ControllerTests.java:130)
</error>
    <system-out><![CDATA[2021-09-19 15:32:53.722  INFO 9196 --- [           main] o.s.mock.web.MockServletContext          : Initializing Spring TestDispatcherServlet ''
2021-09-19 15:32:53.722  INFO 9196 --- [           main] o.s.t.web.servlet.TestDispatcherServlet  : Initializing Servlet ''
2021-09-19 15:32:53.722  INFO 9196 --- [           main] o.s.t.web.servlet.TestDispatcherServlet  : Completed initialization in 0 ms
]]></system-out>
  </testcase>
  <testcase name="test2_shouldTestEndpointToRetrieveWorkflowsByYjbYId" classname="com.nps.devassessment.controller.ControllerTests" time="0.011">
    <error message="Not yet implemented!" type="org.hibernate.cfg.NotYetImplementedException">org.hibernate.cfg.NotYetImplementedException: Not yet implemented!
	at com.nps.devassessment.controller.ControllerTests.test2_shouldTestEndpointToRetrieveWorkflowsByYjbYId(ControllerTests.java:61)
</error>
    <system-out><![CDATA[2021-09-19 15:32:53.734  INFO 9196 --- [           main] o.s.mock.web.MockServletContext          : Initializing Spring TestDispatcherServlet ''
2021-09-19 15:32:53.734  INFO 9196 --- [           main] o.s.t.web.servlet.TestDispatcherServlet  : Initializing Servlet ''
2021-09-19 15:32:53.734  INFO 9196 --- [           main] o.s.t.web.servlet.TestDispatcherServlet  : Completed initialization in 0 ms
]]></system-out>
  </testcase>
  <testcase name="test1_shouldTestEndpointToRetrieveWorkflowById" classname="com.nps.devassessment.controller.ControllerTests" time="0.011">
    <error message="Not yet implemented!" type="org.hibernate.cfg.NotYetImplementedException">org.hibernate.cfg.NotYetImplementedException: Not yet implemented!
	at com.nps.devassessment.controller.ControllerTests.test1_shouldTestEndpointToRetrieveWorkflowById(ControllerTests.java:47)
</error>
    <system-out><![CDATA[2021-09-19 15:32:53.747  INFO 9196 --- [           main] o.s.mock.web.MockServletContext          : Initializing Spring TestDispatcherServlet ''
2021-09-19 15:32:53.747  INFO 9196 --- [           main] o.s.t.web.servlet.TestDispatcherServlet  : Initializing Servlet ''
2021-09-19 15:32:53.747  INFO 9196 --- [           main] o.s.t.web.servlet.TestDispatcherServlet  : Completed initialization in 0 ms
]]></system-out>
  </testcase>
</testsuite>